<?xml version="1.0" encoding="UTF-8"?>
<!-- Generated by org.testng.reporters.JUnitReportReporter -->
<testsuite skipped="0" hostname="sysvinemp029-2.local" name="com.leafBot.testcases.TC_ACME_GetInvoiceNumber" tests="1" failures="0" timestamp="2019-11-16T16:08:51 IST" time="9.294" errors="0">
  <testcase name="getInvoiceNumber" time="9.294" classname="com.leafBot.testcases.TC_ACME_GetInvoiceNumber"/>
</testsuite> <!-- com.leafBot.testcases.TC_ACME_GetInvoiceNumber -->
